Determining if the pthread_create exist failed with the following output:
Change Dir: /home/alperen/MY_GITHUB/Embodied-Intelligence/ros_ws/build/CMakeFiles/CMakeTmp

Run Build Command:"/usr/bin/make" "cmTC_3dcaa/fast"
/usr/bin/make -f CMakeFiles/cmTC_3dcaa.dir/build.make CMakeFiles/cmTC_3dcaa.dir/build
make[1]: Entering directory '/home/alperen/MY_GITHUB/Embodied-Intelligence/ros_ws/build/CMakeFiles/CMakeTmp'
Building C object CMakeFiles/cmTC_3dcaa.dir/CheckSymbolExists.c.o
/usr/bin/cc     -o CMakeFiles/cmTC_3dcaa.dir/CheckSymbolExists.c.o   -c /home/alperen/MY_GITHUB/Embodied-Intelligence/ros_ws/build/CMakeFiles/CMakeTmp/CheckSymbolExists.c
Linking C executable cmTC_3dcaa
/usr/bin/cmake -E cmake_link_script CMakeFiles/cmTC_3dcaa.dir/link.txt --verbose=1
/usr/bin/cc       CMakeFiles/cmTC_3dcaa.dir/CheckSymbolExists.c.o  -o cmTC_3dcaa -rdynamic 
CMakeFiles/cmTC_3dcaa.dir/CheckSymbolExists.c.o: In function `main':
CheckSymbolExists.c:(.text+0x16): undefined reference to `pthread_create'
collect2: error: ld returned 1 exit status
CMakeFiles/cmTC_3dcaa.dir/build.make:97: recipe for target 'cmTC_3dcaa' failed
make[1]: *** [cmTC_3dcaa] Error 1
make[1]: Leaving directory '/home/alperen/MY_GITHUB/Embodied-Intelligence/ros_ws/build/CMakeFiles/CMakeTmp'
Makefile:126: recipe for target 'cmTC_3dcaa/fast' failed
make: *** [cmTC_3dcaa/fast] Error 2

File /home/alperen/MY_GITHUB/Embodied-Intelligence/ros_ws/build/CMakeFiles/CMakeTmp/CheckSymbolExists.c:
/* */
#include <pthread.h>

int main(int argc, char** argv)
{
  (void)argv;
#ifndef pthread_create
  return ((int*)(&pthread_create))[argc];
#else
  (void)argc;
  return 0;
#endif
}

Determining if the function pthread_create exists in the pthreads failed with the following output:
Change Dir: /home/alperen/MY_GITHUB/Embodied-Intelligence/ros_ws/build/CMakeFiles/CMakeTmp

Run Build Command:"/usr/bin/make" "cmTC_5ed45/fast"
/usr/bin/make -f CMakeFiles/cmTC_5ed45.dir/build.make CMakeFiles/cmTC_5ed45.dir/build
make[1]: Entering directory '/home/alperen/MY_GITHUB/Embodied-Intelligence/ros_ws/build/CMakeFiles/CMakeTmp'
Building C object CMakeFiles/cmTC_5ed45.dir/CheckFunctionExists.c.o
/usr/bin/cc    -DCHECK_FUNCTION_EXISTS=pthread_create   -o CMakeFiles/cmTC_5ed45.dir/CheckFunctionExists.c.o   -c /usr/share/cmake-3.5/Modules/CheckFunctionExists.c
Linking C executable cmTC_5ed45
/usr/bin/cmake -E cmake_link_script CMakeFiles/cmTC_5ed45.dir/link.txt --verbose=1
/usr/bin/cc   -DCHECK_FUNCTION_EXISTS=pthread_create    CMakeFiles/cmTC_5ed45.dir/CheckFunctionExists.c.o  -o cmTC_5ed45 -rdynamic -lpthreads 
/usr/bin/ld: cannot find -lpthreads
collect2: error: ld returned 1 exit status
CMakeFiles/cmTC_5ed45.dir/build.make:97: recipe for target 'cmTC_5ed45' failed
make[1]: *** [cmTC_5ed45] Error 1
make[1]: Leaving directory '/home/alperen/MY_GITHUB/Embodied-Intelligence/ros_ws/build/CMakeFiles/CMakeTmp'
Makefile:126: recipe for target 'cmTC_5ed45/fast' failed
make: *** [cmTC_5ed45/fast] Error 2


